\BOOKMARK [1][-]{section.1}{Introduzione al documento}{}% 1
\BOOKMARK [2][-]{subsection.1.1}{Obiettivo}{section.1}% 2
\BOOKMARK [2][-]{subsection.1.2}{Campo di applicazione}{section.1}% 3
\BOOKMARK [2][-]{subsection.1.3}{Definizioni, acronimi e abbreviazioni}{section.1}% 4
\BOOKMARK [2][-]{subsection.1.4}{Sinonimi}{section.1}% 5
\BOOKMARK [2][-]{subsection.1.5}{Struttura del documento e riferimenti}{section.1}% 6
\BOOKMARK [1][-]{section.2}{Descrizione generale}{}% 7
\BOOKMARK [2][-]{subsection.2.1}{Inquadramento}{section.2}% 8
\BOOKMARK [3][-]{subsubsection.2.1.1}{Interfaccia utente}{subsection.2.1}% 9
\BOOKMARK [3][-]{subsubsection.2.1.2}{Interfaccia software}{subsection.2.1}% 10
\BOOKMARK [3][-]{subsubsection.2.1.3}{Interfaccia hardware}{subsection.2.1}% 11
\BOOKMARK [3][-]{subsubsection.2.1.4}{Interfaccia di comunicazione}{subsection.2.1}% 12
\BOOKMARK [2][-]{subsection.2.2}{Definizione degli utenti}{section.2}% 13
\BOOKMARK [2][-]{subsection.2.3}{Requisiti da analizzare in futuro}{section.2}% 14
\BOOKMARK [1][-]{section.3}{Specifiche funzionali e non funzionali del sistema}{}% 15
\BOOKMARK [2][-]{subsection.3.1}{Requisiti funzionali}{section.3}% 16
\BOOKMARK [3][-]{subsubsection.3.1.1}{Caso d'uso: Connessione al sito e Visualizzazione della home page}{subsection.3.1}% 17
\BOOKMARK [3][-]{subsubsection.3.1.2}{Caso d'uso: Connessione alle sotto pagine del sito}{subsection.3.1}% 18
\BOOKMARK [3][-]{subsubsection.3.1.3}{Caso d'uso: Inserimento di nuovi articoli o post}{subsection.3.1}% 19
\BOOKMARK [3][-]{subsubsection.3.1.4}{Caso d'uso: Login account}{subsection.3.1}% 20
\BOOKMARK [3][-]{subsubsection.3.1.5}{Caso d'uso: Inserimento Progettualit\340}{subsection.3.1}% 21
\BOOKMARK [3][-]{subsubsection.3.1.6}{Caso d'uso: Visualizzazione progettualit\340}{subsection.3.1}% 22
\BOOKMARK [3][-]{subsubsection.3.1.7}{Caso d'uso: Visualizzazione orari scolastici}{subsection.3.1}% 23
\BOOKMARK [3][-]{subsubsection.3.1.8}{Caso d'uso: Creazione di un topic nel Forum}{subsection.3.1}% 24
\BOOKMARK [3][-]{subsubsection.3.1.9}{Caso d'uso: Creazione di un post nel Forum}{subsection.3.1}% 25
\BOOKMARK [2][-]{subsection.3.2}{Requisiti non funzionali}{section.3}% 26
\BOOKMARK [1][-]{section.4}{Ulteriori specifiche}{}% 27
