\BOOKMARK [1][-]{section.1}{Introduzione al documento}{}% 1
\BOOKMARK [2][-]{subsection.1.1}{Commessa del cliente}{section.1}% 2
\BOOKMARK [2][-]{subsection.1.2}{Obiettivo}{section.1}% 3
\BOOKMARK [1][-]{section.2}{Analisi}{}% 4
\BOOKMARK [2][-]{subsection.2.1}{Analisi della realt\340 pre-esistente}{section.2}% 5
\BOOKMARK [2][-]{subsection.2.2}{Piattaforma WordPress}{section.2}% 6
\BOOKMARK [2][-]{subsection.2.3}{Analisi e progettazione prototipo in WordPress}{section.2}% 7
\BOOKMARK [2][-]{subsection.2.4}{Diagramma Use-Case}{section.2}% 8
\BOOKMARK [2][-]{subsection.2.5}{Responsive}{section.2}% 9
\BOOKMARK [2][-]{subsection.2.6}{Forum}{section.2}% 10
\BOOKMARK [2][-]{subsection.2.7}{Login Google}{section.2}% 11
\BOOKMARK [2][-]{subsection.2.8}{Progettazione lato Back-end}{section.2}% 12
\BOOKMARK [3][-]{subsubsection.2.8.1}{Cenni teorici}{subsection.2.8}% 13
\BOOKMARK [3][-]{subsubsection.2.8.2}{Analisi Database}{subsection.2.8}% 14
\BOOKMARK [3][-]{subsubsection.2.8.3}{Inviduazioni delle entit\340}{subsection.2.8}% 15
\BOOKMARK [3][-]{subsubsection.2.8.4}{Individuazioni delle associazioni}{subsection.2.8}% 16
\BOOKMARK [3][-]{subsubsection.2.8.5}{Modello E/R}{subsection.2.8}% 17
\BOOKMARK [3][-]{subsubsection.2.8.6}{Modello logico}{subsection.2.8}% 18
\BOOKMARK [3][-]{subsubsection.2.8.7}{Modello fisico}{subsection.2.8}% 19
\BOOKMARK [2][-]{subsection.2.9}{Browser supportati}{section.2}% 20
\BOOKMARK [2][-]{subsection.2.10}{Ottimizzazioni al motore di ricerca}{section.2}% 21
\BOOKMARK [2][-]{subsection.2.11}{Struttura del sito}{section.2}% 22
\BOOKMARK [1][-]{section.3}{Ulteriori specifiche}{}% 23
