This is pdfTeX, Version 3.14159265-2.6-1.40.21 (MiKTeX 2.9.7300 64-bit) (preloaded format=pdflatex 2020.3.4)  2 APR 2022 20:41
entering extended mode
**./ProgettazioneWB.tex
(ProgettazioneWB.tex
LaTeX2e <2020-02-02> patch level 5
L3 programming layer <2020-02-25> (D:\LaTeX\mikTex\tex/latex/base\article.cls
Document Class: article 2019/12/20 v1.4l Standard LaTeX document class
(D:\LaTeX\mikTex\tex/latex/base\size10.clo
File: size10.clo 2019/12/20 v1.4l Standard LaTeX file (size option)
)
\c@part=\count167
\c@section=\count168
\c@subsection=\count169
\c@subsubsection=\count170
\c@paragraph=\count171
\c@subparagraph=\count172
\c@figure=\count173
\c@table=\count174
\abovecaptionskip=\skip47
\belowcaptionskip=\skip48
\bibindent=\dimen134
)
(D:\LaTeX\mikTex\tex/latex/graphics\graphicx.sty
Package: graphicx 2019/11/30 v1.2a Enhanced LaTeX Graphics (DPC,SPQR)

(D:\LaTeX\mikTex\tex/latex/graphics\keyval.sty
Package: keyval 2014/10/28 v1.15 key=value parser (DPC)
\KV@toks@=\toks15
)
(D:\LaTeX\mikTex\tex/latex/graphics\graphics.sty
Package: graphics 2019/11/30 v1.4a Standard LaTeX Graphics (DPC,SPQR)

(D:\LaTeX\mikTex\tex/latex/graphics\trig.sty
Package: trig 2016/01/03 v1.10 sin cos tan (DPC)
)
(D:\LaTeX\mikTex\tex/latex/graphics-cfg\graphics.cfg
File: graphics.cfg 2016/06/04 v1.11 sample graphics configuration
)
Package graphics Info: Driver file: pdftex.def on input line 105.

(D:\LaTeX\mikTex\tex/latex/graphics-def\pdftex.def
File: pdftex.def 2018/01/08 v1.0l Graphics/color driver for pdftex
))
\Gin@req@height=\dimen135
\Gin@req@width=\dimen136
)
(D:\LaTeX\mikTex\tex/latex/hyperref\hyperref.sty
Package: hyperref 2020/01/14 v7.00d Hypertext links for LaTeX

(D:\LaTeX\mikTex\tex/generic/ltxcmds\ltxcmds.sty
Package: ltxcmds 2019/12/15 v1.24 LaTeX kernel commands for general use (HO)
)
(D:\LaTeX\mikTex\tex/generic/iftex\iftex.sty
Package: iftex 2019/11/07 v1.0c TeX engine tests
)
(D:\LaTeX\mikTex\tex/latex/pdftexcmds\pdftexcmds.sty
Package: pdftexcmds 2019/11/24 v0.31 Utility functions of pdfTeX for LuaTeX (HO
)

(D:\LaTeX\mikTex\tex/generic/infwarerr\infwarerr.sty
Package: infwarerr 2019/12/03 v1.5 Providing info/warning/error messages (HO)
)
Package pdftexcmds Info: \pdf@primitive is available.
Package pdftexcmds Info: \pdf@ifprimitive is available.
Package pdftexcmds Info: \pdfdraftmode found.
)
(D:\LaTeX\mikTex\tex/generic/kvsetkeys\kvsetkeys.sty
Package: kvsetkeys 2019/12/15 v1.18 Key value parser (HO)
)
(D:\LaTeX\mikTex\tex/generic/kvdefinekeys\kvdefinekeys.sty
Package: kvdefinekeys 2019-12-19 v1.6 Define keys (HO)
)
(D:\LaTeX\mikTex\tex/generic/pdfescape\pdfescape.sty
Package: pdfescape 2019/12/09 v1.15 Implements pdfTeX's escape features (HO)
)
(D:\LaTeX\mikTex\tex/latex/hycolor\hycolor.sty
Package: hycolor 2020-01-27 v1.10 Color options for hyperref/bookmark (HO)
)
(D:\LaTeX\mikTex\tex/latex/letltxmacro\letltxmacro.sty
Package: letltxmacro 2019/12/03 v1.6 Let assignment for LaTeX macros (HO)
)
(D:\LaTeX\mikTex\tex/latex/auxhook\auxhook.sty
Package: auxhook 2019-12-17 v1.6 Hooks for auxiliary files (HO)
)
(D:\LaTeX\mikTex\tex/latex/kvoptions\kvoptions.sty
Package: kvoptions 2019/11/29 v3.13 Key value format for package options (HO)
)
\@linkdim=\dimen137
\Hy@linkcounter=\count175
\Hy@pagecounter=\count176

(D:\LaTeX\mikTex\tex/latex/hyperref\pd1enc.def
File: pd1enc.def 2020/01/14 v7.00d Hyperref: PDFDocEncoding definition (HO)
Now handling font encoding PD1 ...
... no UTF-8 mapping file for font encoding PD1
)
(D:\LaTeX\mikTex\tex/generic/intcalc\intcalc.sty
Package: intcalc 2019/12/15 v1.3 Expandable calculations with integers (HO)
)
(D:\LaTeX\mikTex\tex/generic/etexcmds\etexcmds.sty
Package: etexcmds 2019/12/15 v1.7 Avoid name clashes with e-TeX commands (HO)
)
\Hy@SavedSpaceFactor=\count177
Package hyperref Info: Hyper figures OFF on input line 4547.
Package hyperref Info: Link nesting OFF on input line 4552.
Package hyperref Info: Hyper index ON on input line 4555.
Package hyperref Info: Plain pages OFF on input line 4562.
Package hyperref Info: Backreferencing OFF on input line 4567.
Package hyperref Info: Implicit mode ON; LaTeX internals redefined.
Package hyperref Info: Bookmarks ON on input line 4800.
\c@Hy@tempcnt=\count178

(D:\LaTeX\mikTex\tex/latex/url\url.sty
\Urlmuskip=\muskip16
Package: url 2013/09/16  ver 3.4  Verb mode for urls, etc.
)
LaTeX Info: Redefining \url on input line 5159.
\XeTeXLinkMargin=\dimen138

(D:\LaTeX\mikTex\tex/generic/bitset\bitset.sty
Package: bitset 2019/12/09 v1.3 Handle bit-vector datatype (HO)

(D:\LaTeX\mikTex\tex/generic/bigintcalc\bigintcalc.sty
Package: bigintcalc 2019/12/15 v1.5 Expandable calculations on big integers (HO
)
))
\Fld@menulength=\count179
\Field@Width=\dimen139
\Fld@charsize=\dimen140
Package hyperref Info: Hyper figures OFF on input line 6430.
Package hyperref Info: Link nesting OFF on input line 6435.
Package hyperref Info: Hyper index ON on input line 6438.
Package hyperref Info: backreferencing OFF on input line 6445.
Package hyperref Info: Link coloring OFF on input line 6450.
Package hyperref Info: Link coloring with OCG OFF on input line 6455.
Package hyperref Info: PDF/A mode OFF on input line 6460.
LaTeX Info: Redefining \ref on input line 6500.
LaTeX Info: Redefining \pageref on input line 6504.

(D:\LaTeX\mikTex\tex/generic/atbegshi\atbegshi.sty
Package: atbegshi 2019/12/05 v1.19 At begin shipout hook (HO)
)
\Hy@abspage=\count180
\c@Item=\count181
\c@Hfootnote=\count182
)
Package hyperref Info: Driver (autodetected): hpdftex.

(D:\LaTeX\mikTex\tex/latex/hyperref\hpdftex.def
File: hpdftex.def 2020/01/14 v7.00d Hyperref driver for pdfTeX

(D:\LaTeX\mikTex\tex/latex/atveryend\atveryend.sty
Package: atveryend 2019-12-11 v1.11 Hooks at the very end of document (HO)
Package atveryend Info: \enddocument detected (standard20110627).
)
\Fld@listcount=\count183
\c@bookmark@seq@number=\count184

(D:\LaTeX\mikTex\tex/latex/rerunfilecheck\rerunfilecheck.sty
Package: rerunfilecheck 2019/12/05 v1.9 Rerun checks for auxiliary files (HO)

(D:\LaTeX\mikTex\tex/generic/uniquecounter\uniquecounter.sty
Package: uniquecounter 2019/12/15 v1.4 Provide unlimited unique counter (HO)
)
Package uniquecounter Info: New unique counter `rerunfilecheck' on input line 2
86.
)
\Hy@SectionHShift=\skip49
)
(D:\LaTeX\mikTex\tex/generic/babel\babel.sty
Package: babel 2020/02/28 3.41 The Babel package

(D:\LaTeX\mikTex\tex/generic/babel\switch.def
File: switch.def 2020/02/28 3.41 Babel switching mechanism
)
*************************************
* Local config file bblopts.cfg used
*
(D:\LaTeX\mikTex\tex/latex/arabi\bblopts.cfg
File: bblopts.cfg 2005/09/08 v0.1 add Arabic and Farsi to "declared" options of
 babel
)
(D:\LaTeX\mikTex\tex/latex/babel-italian\italian.ldf
Language: italian 2019/11/16 v.1.4.03 Italian support for the babel system

(D:\LaTeX\mikTex\tex/generic/babel\babel.def
File: babel.def 2020/02/28 3.41 Babel common definitions
\babel@savecnt=\count185
\U@D=\dimen141

(D:\LaTeX\mikTex\tex/generic/babel\txtbabel.def)
\bbl@readstream=\read2
\bbl@dirlevel=\count186
)
\it@lettering=\count187
\it@doublequoteactive=\count188
\it@ISOcompliance=\count189
))
(D:\LaTeX\mikTex\tex/latex/etoolbox\etoolbox.sty
Package: etoolbox 2019/09/21 v2.5h e-TeX tools for LaTeX (JAW)
\etb@tempcnta=\count190
)
(D:\LaTeX\mikTex\tex/latex/fancyhdr\fancyhdr.sty
Package: fancyhdr 2021/01/28 v4.0.1 Extensive control of page headers and foote
rs
\f@nch@headwidth=\skip50
\f@nch@O@elh=\skip51
\f@nch@O@erh=\skip52
\f@nch@O@olh=\skip53
\f@nch@O@orh=\skip54
\f@nch@O@elf=\skip55
\f@nch@O@erf=\skip56
\f@nch@O@olf=\skip57
\f@nch@O@orf=\skip58
)
(D:\LaTeX\mikTex\tex/latex/imakeidx\imakeidx.sty
Package: imakeidx 2016/10/15 v1.3e Package for typesetting indices in a synchro
nous mode

(D:\LaTeX\mikTex\tex/latex/xkeyval\xkeyval.sty
Package: xkeyval 2014/12/03 v2.7a package option processing (HA)

(D:\LaTeX\mikTex\tex/generic/xkeyval\xkeyval.tex
(D:\LaTeX\mikTex\tex/generic/xkeyval\xkvutils.tex
\XKV@toks=\toks16
\XKV@tempa@toks=\toks17
)
\XKV@depth=\count191
File: xkeyval.tex 2014/12/03 v2.7a key=value parser (HA)
))
(D:\LaTeX\mikTex\tex/generic/iftex\ifxetex.sty
Package: ifxetex 2019/10/25 v0.7 ifxetex legacy package. Use iftex instead.
)
(D:\LaTeX\mikTex\tex/generic/iftex\ifluatex.sty
Package: ifluatex 2019/10/25 v1.5 ifluatex legacy package. Use iftex instead.
)
(D:\LaTeX\mikTex\tex/latex/tools\multicol.sty
Package: multicol 2019/12/09 v1.8y multicolumn formatting (FMi)
\c@tracingmulticols=\count192
\mult@box=\box45
\multicol@leftmargin=\dimen142
\c@unbalance=\count193
\c@collectmore=\count194
\doublecol@number=\count195
\multicoltolerance=\count196
\multicolpretolerance=\count197
\full@width=\dimen143
\page@free=\dimen144
\premulticols=\dimen145
\postmulticols=\dimen146
\multicolsep=\skip59
\multicolbaselineskip=\skip60
\partial@page=\box46
\last@line=\box47
\maxbalancingoverflow=\dimen147
\mult@rightbox=\box48
\mult@grightbox=\box49
\mult@gfirstbox=\box50
\mult@firstbox=\box51
\@tempa=\box52
\@tempa=\box53
\@tempa=\box54
\@tempa=\box55
\@tempa=\box56
\@tempa=\box57
\@tempa=\box58
\@tempa=\box59
\@tempa=\box60
\@tempa=\box61
\@tempa=\box62
\@tempa=\box63
\@tempa=\box64
\@tempa=\box65
\@tempa=\box66
\@tempa=\box67
\@tempa=\box68
\@tempa=\box69
\@tempa=\box70
\@tempa=\box71
\@tempa=\box72
\@tempa=\box73
\@tempa=\box74
\@tempa=\box75
\@tempa=\box76
\@tempa=\box77
\@tempa=\box78
\@tempa=\box79
\@tempa=\box80
\@tempa=\box81
\@tempa=\box82
\@tempa=\box83
\@tempa=\box84
\@tempa=\box85
\@tempa=\box86
\@tempa=\box87
\@tempa=\box88
\c@minrows=\count198
\c@columnbadness=\count199
\c@finalcolumnbadness=\count266
\last@try=\dimen148
\multicolovershoot=\dimen149
\multicolundershoot=\dimen150
\mult@nat@firstbox=\box89
\colbreak@box=\box90
\mc@col@check@num=\count267
))

Package fancyhdr Warning: \fancyhead's `E' option without twoside option is use
less on input line 11.


Package fancyhdr Warning: \fancyfoot's `E' option without twoside option is use
less on input line 12.


Package fancyhdr Warning: \fancyfoot's `E' option without twoside option is use
less on input line 13.

(D:\LaTeX\mikTex\tex/latex/geometry\geometry.sty
Package: geometry 2020/01/02 v5.9 Page Geometry

(D:\LaTeX\mikTex\tex/generic/iftex\ifvtex.sty
Package: ifvtex 2019/10/25 v1.7 ifvtex legacy package. Use iftex instead.
)
\Gm@cnth=\count268
\Gm@cntv=\count269
\c@Gm@tempcnt=\count270
\Gm@bindingoffset=\dimen151
\Gm@wd@mp=\dimen152
\Gm@odd@mp=\dimen153
\Gm@even@mp=\dimen154
\Gm@layoutwidth=\dimen155
\Gm@layoutheight=\dimen156
\Gm@layouthoffset=\dimen157
\Gm@layoutvoffset=\dimen158
\Gm@dimlist=\toks18

(D:\LaTeX\mikTex\tex/latex/geometry\geometry.cfg))

Package geometry Warning: Over-specification in `h'-direction.
    `width' (597.50787pt) is ignored.


Package geometry Warning: Over-specification in `v'-direction.
    `height' (845.04684pt) is ignored.

\ProgettazioneWB@idxfile=\write3
\openout3 = `ProgettazioneWB.idx'.

Writing index file ProgettazioneWB.idx
(D:\LaTeX\mikTex\tex/latex/l3backend\l3backend-pdfmode.def
File: l3backend-pdfmode.def 2020-02-23 L3 backend support: PDF mode
\l__kernel_color_stack_int=\count271
\l__pdf_internal_box=\box91
)
(ProgettazioneWB.aux)
\openout1 = `ProgettazioneWB.aux'.

LaTeX Font Info:    Checking defaults for OML/cmm/m/it on input line 26.
LaTeX Font Info:    ... okay on input line 26.
LaTeX Font Info:    Checking defaults for OMS/cmsy/m/n on input line 26.
LaTeX Font Info:    ... okay on input line 26.
LaTeX Font Info:    Checking defaults for OT1/cmr/m/n on input line 26.
LaTeX Font Info:    ... okay on input line 26.
LaTeX Font Info:    Checking defaults for T1/cmr/m/n on input line 26.
LaTeX Font Info:    ... okay on input line 26.
LaTeX Font Info:    Checking defaults for TS1/cmr/m/n on input line 26.
LaTeX Font Info:    ... okay on input line 26.
LaTeX Font Info:    Checking defaults for OMX/cmex/m/n on input line 26.
LaTeX Font Info:    ... okay on input line 26.
LaTeX Font Info:    Checking defaults for U/cmr/m/n on input line 26.
LaTeX Font Info:    ... okay on input line 26.
LaTeX Font Info:    Checking defaults for PD1/pdf/m/n on input line 26.
LaTeX Font Info:    ... okay on input line 26.
 (D:\LaTeX\mikTex\tex/context/base/mkii\supp-pdf.mkii
[Loading MPS to PDF converter (version 2006.09.02).]
\scratchcounter=\count272
\scratchdimen=\dimen159
\scratchbox=\box92
\nofMPsegments=\count273
\nofMParguments=\count274
\everyMPshowfont=\toks19
\MPscratchCnt=\count275
\MPscratchDim=\dimen160
\MPnumerator=\count276
\makeMPintoPDFobject=\count277
\everyMPtoPDFconversion=\toks20
) (D:\LaTeX\mikTex\tex/latex/epstopdf-pkg\epstopdf-base.sty
Package: epstopdf-base 2020-01-24 v2.11 Base part for package epstopdf
Package epstopdf-base Info: Redefining graphics rule for `.eps' on input line 4
85.
)
\AtBeginShipoutBox=\box93
Package hyperref Info: Link coloring OFF on input line 26.

(D:\LaTeX\mikTex\tex/latex/hyperref\nameref.sty
Package: nameref 2019/09/16 v2.46 Cross-referencing by name of section

(D:\LaTeX\mikTex\tex/latex/refcount\refcount.sty
Package: refcount 2019/12/15 v3.6 Data extraction from label references (HO)
)
(D:\LaTeX\mikTex\tex/generic/gettitlestring\gettitlestring.sty
Package: gettitlestring 2019/12/15 v1.6 Cleanup title references (HO)
)
\c@section@level=\count278
)
LaTeX Info: Redefining \ref on input line 26.
LaTeX Info: Redefining \pageref on input line 26.
LaTeX Info: Redefining \nameref on input line 26.

(ProgettazioneWB.out) (ProgettazioneWB.out)
\@outlinefile=\write4
\openout4 = `ProgettazioneWB.out'.

LaTeX Info: Redefining \it@ocap on input line 26.
LaTeX Info: Redefining \it@ccap on input line 26.


File italian.ldf warning: 
italian.ldf    With OT1 encoding guillemets are poorly faked
italian.ldf    Use T1 encoding
italian.ldf    or specify a font with command \CaporaliFrom
italian.ldf    See the documentation concerning the babel-italian typesetting 
italian.ldf    on input line 26.

*geometry* driver: auto-detecting
*geometry* detected driver: pdftex
*geometry* verbose mode - [ preamble ] result:
* driver: pdftex
* paper: a4paper
* layout: <same size as paper>
* layoutoffset:(h,v)=(0.0pt,0.0pt)
* modes: 
* h-part:(L,W,R)=(113.81102pt, 369.88583pt, 113.81102pt)
* v-part:(T,H,B)=(56.9055pt, 731.23584pt, 56.9055pt)
* \paperwidth=597.50787pt
* \paperheight=845.04684pt
* \textwidth=369.88583pt
* \textheight=731.23584pt
* \oddsidemargin=41.54103pt
* \evensidemargin=41.54103pt
* \topmargin=-52.36449pt
* \headheight=12.0pt
* \headsep=25.0pt
* \topskip=10.0pt
* \footskip=30.0pt
* \marginparwidth=65.0pt
* \marginparsep=11.0pt
* \columnsep=10.0pt
* \skip\footins=9.0pt plus 4.0pt minus 2.0pt
* \hoffset=0.0pt
* \voffset=0.0pt
* \mag=1000
* \@twocolumnfalse
* \@twosidefalse
* \@mparswitchfalse
* \@reversemarginfalse
* (1in=72.27pt=25.4mm, 1cm=28.453pt)

[1

{C:/Users/theca/AppData/Local/MiKTeX/2.9/pdftex/config/pdftex.map}]
LaTeX Font Info:    External font `cmex10' loaded for size
(Font)              <7> on input line 46.
LaTeX Font Info:    External font `cmex10' loaded for size
(Font)              <5> on input line 46.

Underfull \hbox (badness 10000) in paragraph at lines 52--53
[]\OT1/cmr/m/n/10 Camilletti
 []


Underfull \hbox (badness 10000) in paragraph at lines 54--55
[]\OT1/cmr/m/n/10 Camilletti
 []


Underfull \hbox (badness 10000) in paragraph at lines 56--57
[]\OT1/cmr/m/n/10 Camilletti
 []


Underfull \hbox (badness 10000) in paragraph at lines 58--59
[]\OT1/cmr/m/n/10 Camilletti
 []

pdfTeX warning (ext4): destination with the same identifier (name{page.1}) has 
been already used, duplicate ignored
<to be read again> 
                   \relax 
l.63 	\clearpage
                 [1

] (ProgettazioneWB.toc)
\tf@toc=\write5
\openout5 = `ProgettazioneWB.toc'.

 [2

]
runsystem(makeindex ProgettazioneWB.idx)...executed (allowed).

 (ProgettazioneWB.ind)
<ittmontaniex.png, id=163, 1927.2pt x 1084.05pt>
File: ittmontaniex.png Graphic file (type png)
<use ittmontaniex.png>
Package pdftex.def Info: ittmontaniex.png  used on input line 96.
(pdftex.def)             Requested size: 346.88104pt x 195.12057pt.
 [3

]
<prototipo.png, id=171, 1434.10782pt x 697.10437pt>
File: prototipo.png Graphic file (type png)
<use prototipo.png>
Package pdftex.def Info: prototipo.png  used on input line 103.
(pdftex.def)             Requested size: 401.54745pt x 195.18788pt.

Overfull \hbox (31.66162pt too wide) in paragraph at lines 102--105
[] 
 []

[4 <./ittmontaniex.png> <./prototipo.png>]
<usecase.drawio.png, id=178, 708.6475pt x 704.6325pt>
File: usecase.drawio.png Graphic file (type png)
<use usecase.drawio.png>
Package pdftex.def Info: usecase.drawio.png  used on input line 120.
(pdftex.def)             Requested size: 283.45398pt x 281.848pt.
 [5 <./usecase.drawio.png>] [6

]
[7

] [8]
<libro.png, id=202, 130.23656pt x 100.12407pt>
File: libro.png Graphic file (type png)
<use libro.png>
Package pdftex.def Info: libro.png  used on input line 244.
(pdftex.def)             Requested size: 65.11812pt x 50.0619pt.
<annoscolastico.png, id=203, 158.84344pt x 104.64093pt>
File: annoscolastico.png Graphic file (type png)
<use annoscolastico.png>
Package pdftex.def Info: annoscolastico.png  used on input line 246.
(pdftex.def)             Requested size: 79.42152pt x 52.32033pt.
<articolazione.png, id=204, 115.18031pt x 72.27pt>
File: articolazione.png Graphic file (type png)
<use articolazione.png>
Package pdftex.def Info: articolazione.png  used on input line 248.
(pdftex.def)             Requested size: 57.59pt x 36.1349pt.
<classe.png, id=205, 134.75343pt x 112.92188pt>
File: classe.png Graphic file (type png)
<use classe.png>
Package pdftex.def Info: classe.png  used on input line 250.
(pdftex.def)             Requested size: 67.37654pt x 56.46078pt.
<modulistica.png, id=206, 137.01187pt x 135.50626pt>
File: modulistica.png Graphic file (type png)
<use modulistica.png>
Package pdftex.def Info: modulistica.png  used on input line 252.
(pdftex.def)             Requested size: 68.50577pt x 67.75294pt.
<programmazione.png, id=207, 137.01187pt x 178.41656pt>
File: programmazione.png Graphic file (type png)
<use programmazione.png>
Package pdftex.def Info: programmazione.png  used on input line 254.
(pdftex.def)             Requested size: 68.50577pt x 89.20805pt.
<progetto.png, id=208, 134.00063pt x 171.64125pt>
File: progetto.png Graphic file (type png)
<use progetto.png>
Package pdftex.def Info: progetto.png  used on input line 256.
(pdftex.def)             Requested size: 67.00014pt x 85.8204pt.
 [9 <./libro.png> <./annoscolastico.png> <./articolazione.png> <./classe.png> <
./modulistica.png> <./programmazione.png>]
<foto.png, id=220, 118.94438pt x 129.48375pt>
File: foto.png Graphic file (type png)
<use foto.png>
Package pdftex.def Info: foto.png  used on input line 258.
(pdftex.def)             Requested size: 59.47203pt x 64.7417pt.
<tipoprogetto.png, id=221, 112.16907pt x 102.3825pt>
File: tipoprogetto.png Graphic file (type png)
<use tipoprogetto.png>
Package pdftex.def Info: tipoprogetto.png  used on input line 260.
(pdftex.def)             Requested size: 56.08438pt x 51.19112pt.
<modelloer.png, id=222, 1036.62282pt x 639.13782pt>
File: modelloer.png Graphic file (type png)
<use modelloer.png>
Package pdftex.def Info: modelloer.png  used on input line 299.
(pdftex.def)             Requested size: 414.64178pt x 255.65059pt.

Overfull \hbox (44.75595pt too wide) in paragraph at lines 299--300
[]  
 []

[10 <./progetto.png> <./foto.png> <./tipoprogetto.png>]
<modellologico.png, id=230, 580.41844pt x 412.54124pt>
File: modellologico.png Graphic file (type png)
<use modellologico.png>
Package pdftex.def Info: modellologico.png  used on input line 319.
(pdftex.def)             Requested size: 290.20851pt x 206.27011pt.
 [11 <./modelloer.png>]
[12 <./modellologico.png>]
<struttura.jpeg, id=249, 1473.505pt x 3118.65125pt>
File: struttura.jpeg Graphic file (type jpg)
<use struttura.jpeg>
Package pdftex.def Info: struttura.jpeg  used on input line 332.
(pdftex.def)             Requested size: 294.69579pt x 623.71921pt.
<navbar.png, id=250, 1230.09563pt x 168.63pt>
File: navbar.png Graphic file (type png)
<use navbar.png>
Package pdftex.def Info: navbar.png  used on input line 334.
(pdftex.def)             Requested size: 393.63864pt x 53.96269pt.

Overfull \hbox (23.7528pt too wide) in paragraph at lines 334--334
[]  
 []

[13

 <./struttura.jpeg>] [14 <./navbar.png>]
<indirizzi.jpeg, id=268, 1794.705pt x 186.6975pt>
File: indirizzi.jpeg Graphic file (type jpg)
<use indirizzi.jpeg>
Package pdftex.def Info: indirizzi.jpeg  used on input line 430.
(pdftex.def)             Requested size: 358.93465pt x 37.33884pt.
<news.png, id=269, 1180.41pt x 324.46219pt>
File: news.png Graphic file (type png)
<use news.png>
Package pdftex.def Info: news.png  used on input line 432.
(pdftex.def)             Requested size: 401.33409pt x 110.31567pt.

Overfull \hbox (31.44826pt too wide) in paragraph at lines 432--432
[][]  
 []

<news2.png, id=270, 810.77907pt x 465.23813pt>
File: news2.png Graphic file (type png)
<use news2.png>
Package pdftex.def Info: news2.png  used on input line 435.
(pdftex.def)             Requested size: 324.30588pt x 186.09195pt.
<servizi.png, id=271, 319.94531pt x 531.48563pt>
File: servizi.png Graphic file (type png)
<use servizi.png>
Package pdftex.def Info: servizi.png  used on input line 439.
(pdftex.def)             Requested size: 127.97585pt x 212.59048pt.
<footer.png, id=272, 1154.81438pt x 211.54031pt>
File: footer.png Graphic file (type png)
<use footer.png>
Package pdftex.def Info: footer.png  used on input line 443.
(pdftex.def)             Requested size: 404.19109pt x 74.0402pt.

Overfull \hbox (34.30525pt too wide) in paragraph at lines 442--443
[]  
 []

[15

 <./indirizzi.jpeg> <./news.png> <./news2.png> <./servizi.png>]
<indirizzo1.jpg, id=280, 1011.02719pt x 588.69937pt>
File: indirizzo1.jpg Graphic file (type jpg)
<use indirizzo1.jpg>
Package pdftex.def Info: indirizzo1.jpg  used on input line 448.
(pdftex.def)             Requested size: 404.40372pt x 235.47557pt.

Overfull \hbox (34.51788pt too wide) in paragraph at lines 447--448
[]  
 []

<forum.png, id=281, 1132.23pt x 457.71pt>
File: forum.png Graphic file (type png)
<use forum.png>
Package pdftex.def Info: forum.png  used on input line 455.
(pdftex.def)             Requested size: 339.67162pt x 137.31406pt.
Package atveryend Info: Empty hook `BeforeClearDocument' on input line 458.
[16 <./footer.png> <./indirizzo1.jpg> <./forum.png>] [17]
Package atveryend Info: Empty hook `AfterLastShipout' on input line 458.
 (ProgettazioneWB.aux)
Package atveryend Info: Executing hook `AtVeryEndDocument' on input line 458.
Package atveryend Info: Executing hook `AtEndAfterFileList' on input line 458.
Package rerunfilecheck Info: File `ProgettazioneWB.out' has not changed.
(rerunfilecheck)             Checksum: C345F2E3D647125382645952F7041132;1979.
Package atveryend Info: Empty hook `AtVeryVeryEnd' on input line 458.
 ) 
Here is how much of TeX's memory you used:
 7495 strings out of 481311
 111146 string characters out of 2923499
 401006 words of memory out of 3000000
 22775 multiletter control sequences out of 15000+200000
 535311 words of font info for 34 fonts, out of 3000000 for 9000
 1141 hyphenation exceptions out of 8191
 34i,11n,64p,926b,394s stack positions out of 5000i,500n,10000p,200000b,50000s
 <C:\Users\theca\AppData\Local\MiKTeX\2.9\fonts/pk/ljfour/jknappen/ec/dpi600\
tcrm1000.pk><D:/LaTeX/mikTex/fonts/type1/public/amsfonts/cm/cmbx10.pfb><D:/LaTe
X/mikTex/fonts/type1/public/amsfonts/cm/cmbx12.pfb><D:/LaTeX/mikTex/fonts/type1
/public/amsfonts/cm/cmr10.pfb><D:/LaTeX/mikTex/fonts/type1/public/amsfonts/cm/c
mr12.pfb><D:/LaTeX/mikTex/fonts/type1/public/amsfonts/cm/cmti10.pfb><D:/LaTeX/m
ikTex/fonts/type1/public/amsfonts/cm/cmtt10.pfb>
Output written on ProgettazioneWB.pdf (18 pages, 5331893 bytes).
PDF statistics:
 334 PDF objects out of 1000 (max. 8388607)
 67 named destinations out of 1000 (max. 500000)
 340 words of extra memory for PDF output out of 10000 (max. 10000000)

