\BOOKMARK [1][-]{section.1}{\376\377\000I\000n\000t\000r\000o\000d\000u\000z\000i\000o\000n\000e}{}% 1
\BOOKMARK [2][-]{subsection.1.1}{\376\377\000I\000n\000t\000e\000r\000f\000a\000c\000c\000i\000a}{section.1}% 2
\BOOKMARK [1][-]{section.2}{\376\377\000W\000o\000r\000d\000p\000r\000e\000s\000s}{}% 3
\BOOKMARK [2][-]{subsection.2.1}{\376\377\000D\000a\000s\000h\000b\000o\000a\000r\000d}{section.2}% 4
\BOOKMARK [2][-]{subsection.2.2}{\376\377\000T\000e\000m\000a}{section.2}% 5
\BOOKMARK [3][-]{subsubsection.2.2.1}{\376\377\000M\000o\000d\000i\000f\000i\000c\000a\000r\000e\000\040\000i\000l\000\040\000t\000e\000m\000a\000\040\000\050\000H\000e\000a\000d\000e\000r\000\040\000e\000\040\000F\000o\000o\000t\000e\000r\000\051}{subsection.2.2}% 6
\BOOKMARK [3][-]{subsubsection.2.2.2}{\376\377\000F\000u\000n\000z\000i\000o\000n\000i}{subsection.2.2}% 7
\BOOKMARK [3][-]{subsubsection.2.2.3}{\376\377\000C\000S\000S\000\040\000a\000g\000g\000i\000u\000n\000t\000i\000v\000o}{subsection.2.2}% 8
\BOOKMARK [2][-]{subsection.2.3}{\376\377\000P\000l\000u\000g\000i\000n}{section.2}% 9
\BOOKMARK [2][-]{subsection.2.4}{\376\377\000C\000r\000e\000a\000z\000i\000o\000n\000e\000\040\000n\000u\000o\000v\000a\000\040\000p\000a\000g\000i\000n\000a}{section.2}% 10
\BOOKMARK [2][-]{subsection.2.5}{\376\377\000C\000r\000e\000a\000z\000i\000o\000n\000e\000\040\000d\000i\000\040\000u\000n\000a\000\040\000n\000u\000o\000v\000a\000\040\000N\000e\000w\000s\000\040\000\050\000A\000r\000t\000i\000c\000o\000l\000o\000\051}{section.2}% 11
\BOOKMARK [2][-]{subsection.2.6}{\376\377\000E\000d\000i\000t\000o\000r\000\040\000d\000i\000\040\000W\000o\000r\000d\000p\000r\000e\000s\000s}{section.2}% 12
\BOOKMARK [2][-]{subsection.2.7}{\376\377\000E\000l\000e\000m\000e\000n\000t\000o\000r}{section.2}% 13
\BOOKMARK [1][-]{section.3}{\376\377\000P\000a\000g\000i\000n\000e}{}% 14
\BOOKMARK [2][-]{subsection.3.1}{\376\377\000H\000o\000m\000e\000p\000a\000g\000e}{section.3}% 15
\BOOKMARK [3][-]{subsubsection.3.1.1}{\376\377\000S\000l\000i\000d\000e\000r\000\040\000A\000v\000v\000i\000s\000i}{subsection.3.1}% 16
\BOOKMARK [3][-]{subsubsection.3.1.2}{\376\377\000S\000l\000i\000d\000e\000r\000\040\000I\000n\000d\000i\000r\000i\000z\000z\000i}{subsection.3.1}% 17
\BOOKMARK [3][-]{subsubsection.3.1.3}{\376\377\000S\000l\000i\000d\000e\000r\000\040\000N\000o\000t\000i\000z\000i\000e\000\040\000i\000n\000\040\000e\000v\000i\000d\000e\000n\000z\000a}{subsection.3.1}% 18
\BOOKMARK [3][-]{subsubsection.3.1.4}{\376\377\000C\000o\000l\000o\000n\000n\000a\000\040\000N\000e\000w\000s}{subsection.3.1}% 19
\BOOKMARK [3][-]{subsubsection.3.1.5}{\376\377\000C\000o\000l\000o\000n\000n\000a\000\040\000"\000S\000e\000r\000v\000i\000z\000i\000"}{subsection.3.1}% 20
\BOOKMARK [3][-]{subsubsection.3.1.6}{\376\377\000P\000O\000N}{subsection.3.1}% 21
\BOOKMARK [3][-]{subsubsection.3.1.7}{\376\377\000N\000a\000s\000c\000o\000n\000d\000e\000r\000e\000/\000M\000o\000s\000t\000r\000a\000r\000e\000\040\000u\000n\000\040\000c\000o\000n\000t\000e\000n\000u\000t\000o}{subsection.3.1}% 22
\BOOKMARK [2][-]{subsection.3.2}{\376\377\000F\000o\000r\000u\000m}{section.3}% 23
\BOOKMARK [2][-]{subsection.3.3}{\376\377\000I\000n\000d\000i\000r\000i\000z\000z\000i}{section.3}% 24
\BOOKMARK [2][-]{subsection.3.4}{\376\377\000W\000e\000b\000i\000n\000a\000r}{section.3}% 25
\BOOKMARK [2][-]{subsection.3.5}{\376\377\000R\000e\000p\000o\000s\000i\000t\000o\000r\000y}{section.3}% 26
\BOOKMARK [3][-]{subsubsection.3.5.1}{\376\377\000L\000i\000b\000r\000i\000\040\000d\000i\000\040\000T\000e\000s\000t\000o}{subsection.3.5}% 27
\BOOKMARK [3][-]{subsubsection.3.5.2}{\376\377\000M\000o\000d\000u\000l\000i\000s\000t\000i\000c\000a}{subsection.3.5}% 28
\BOOKMARK [3][-]{subsubsection.3.5.3}{\376\377\000P\000r\000o\000g\000r\000a\000m\000m\000a\000z\000i\000o\000n\000i}{subsection.3.5}% 29
